#
# There is insufficient memory for the Java Runtime Environment to continue.
# Native memory allocation (malloc) failed to allocate 1124832 bytes for Chunk::new
# Possible reasons:
#   The system is out of physical RAM or swap space
#   The process is running with CompressedOops enabled, and the Java Heap may be blocking the growth of the native heap
# Possible solutions:
#   Reduce memory load on the system
#   Increase physical memory or swap space
#   Check if swap backing store is full
#   Decrease Java heap size (-Xmx/-Xms)
#   Decrease number of Java threads
#   Decrease Java thread stack sizes (-Xss)
#   Set larger code cache with -XX:ReservedCodeCacheSize=
#   JVM is running with Zero Based Compressed Oops mode in which the Java heap is
#     placed in the first 32GB address space. The Java Heap base address is the
#     maximum limit for the native heap growth. Please use -XX:HeapBaseMinAddress
#     to set the Java Heap base and to place the Java Heap above 32GB virtual address.
# This output file may be truncated or incomplete.
#
#  Out of Memory Error (arena.cpp:189), pid=23832, tid=25404
#
# JRE version: OpenJDK Runtime Environment Microsoft-8297089 (17.0.8.1+1) (build 17.0.8.1+1-LTS)
# Java VM: OpenJDK 64-Bit Server VM Microsoft-8297089 (17.0.8.1+1-LTS, mixed mode, sharing, tiered, compressed oops, compressed class ptrs, g1 gc, windows-amd64)
# No core dump will be written. Minidumps are not enabled by default on client versions of Windows
#

---------------  S U M M A R Y ------------

Command Line: C:\Program Files\Microsoft Visual Studio\2022\Community\MSBuild\Xamarin\Android\apksigner.jar sign --ks C:\Users\User\AppData\Local\Xamarin\Mono for Android\debug.keystore --ks-pass pass:android --ks-key-alias androiddebugkey --key-pass pass:android --min-sdk-version 27 --max-sdk-version 33 bin\Release\com.is124hay.mobile-Signed.apk

Host: Intel(R) Core(TM) i7-3770 CPU @ 3.40GHz, 8 cores, 15G,  Windows 10 , 64 bit Build 19041 (10.0.19041.3636)
Time: Thu Dec 21 20:53:24 2023 RTZ 4 (s 10 , 64 bit Build 19041 (10.0.19041.3636) elapsed time: 1.204700 seconds (0d 0h 0m 1s)

---------------  T H R E A D  ---------------

Current thread (0x000002c4e1560dc0):  JavaThread "C2 CompilerThread0" daemon [_thread_in_native, id=25404, stack(0x000000db14400000,0x000000db14500000)]


Current CompileTask:
C2:   1204  467 % !   4       com.sun.crypto.provider.PBKDF2KeyImpl::deriveKey @ 191 (295 bytes)

Stack: [0x000000db14400000,0x000000db14500000]
Native frames: (J=compiled Java code, j=interpreted, Vv=VM code, C=native code)
V  [jvm.dll+0x67bf3a]
V  [jvm.dll+0x83a024]
V  [jvm.dll+0x83b7ce]
V  [jvm.dll+0x83be33]
V  [jvm.dll+0x24785f]
V  [jvm.dll+0xac3bc]
V  [jvm.dll+0xac98c]
V  [jvm.dll+0x368107]
V  [jvm.dll+0x332451]
V  [jvm.dll+0x3318fa]
V  [jvm.dll+0x21a131]
V  [jvm.dll+0x219551]
V  [jvm.dll+0x1a56b6]
V  [jvm.dll+0x2291ea]
V  [jvm.dll+0x22724c]
V  [jvm.dll+0x7efd0c]
V  [jvm.dll+0x7ea13a]
V  [jvm.dll+0x67ad85]
C  [ucrtbase.dll+0x21bb2]
C  [KERNEL32.DLL+0x17344]
C  [ntdll.dll+0x526b1]


---------------  P R O C E S S  ---------------

Threads class SMR info:
_java_thread_list=0x000002c527083120, length=14, elements={
0x000002c4be3c5f80, 0x000002c4e142ef90, 0x000002c4e142fe10, 0x000002c4e1444920,
0x000002c4e14494f0, 0x000002c4e144bec0, 0x000002c4e144c880, 0x000002c4e1560dc0,
0x000002c4e158eeb0, 0x000002c4e159a680, 0x000002c4e16bd110, 0x000002c4e16bfbc0,
0x000002c4e158d420, 0x000002c4e158e960
}

Java Threads: ( => current thread )
  0x000002c4be3c5f80 JavaThread "main" [_thread_in_native, id=15692, stack(0x000000db13700000,0x000000db13800000)]
  0x000002c4e142ef90 JavaThread "Reference Handler" daemon [_thread_blocked, id=20188, stack(0x000000db13e00000,0x000000db13f00000)]
  0x000002c4e142fe10 JavaThread "Finalizer" daemon [_thread_blocked, id=17420, stack(0x000000db13f00000,0x000000db14000000)]
  0x000002c4e1444920 JavaThread "Signal Dispatcher" daemon [_thread_blocked, id=10156, stack(0x000000db14000000,0x000000db14100000)]
  0x000002c4e14494f0 JavaThread "Attach Listener" daemon [_thread_blocked, id=20120, stack(0x000000db14100000,0x000000db14200000)]
  0x000002c4e144bec0 JavaThread "Service Thread" daemon [_thread_blocked, id=24760, stack(0x000000db14200000,0x000000db14300000)]
  0x000002c4e144c880 JavaThread "Monitor Deflation Thread" daemon [_thread_blocked, id=25132, stack(0x000000db14300000,0x000000db14400000)]
=>0x000002c4e1560dc0 JavaThread "C2 CompilerThread0" daemon [_thread_in_native, id=25404, stack(0x000000db14400000,0x000000db14500000)]
  0x000002c4e158eeb0 JavaThread "C1 CompilerThread0" daemon [_thread_blocked, id=18792, stack(0x000000db14500000,0x000000db14600000)]
  0x000002c4e159a680 JavaThread "Sweeper thread" daemon [_thread_blocked, id=25400, stack(0x000000db14600000,0x000000db14700000)]
  0x000002c4e16bd110 JavaThread "Notification Thread" daemon [_thread_blocked, id=17328, stack(0x000000db14700000,0x000000db14800000)]
  0x000002c4e16bfbc0 JavaThread "Common-Cleaner" daemon [_thread_blocked, id=16760, stack(0x000000db14900000,0x000000db14a00000)]
  0x000002c4e158d420 JavaThread "C2 CompilerThread1" daemon [_thread_in_native, id=25788, stack(0x000000db14a00000,0x000000db14b00000)]
  0x000002c4e158e960 JavaThread "C2 CompilerThread2" daemon [_thread_in_native, id=13028, stack(0x000000db14b00000,0x000000db14c00000)]

Other Threads:
  0x000002c4e1427360 VMThread "VM Thread" [stack: 0x000000db13d00000,0x000000db13e00000] [id=11584]
  0x000002c4be44f150 WatcherThread [stack: 0x000000db14800000,0x000000db14900000] [id=4524]
  0x000002c4be436150 GCTaskThread "GC Thread#0" [stack: 0x000000db13800000,0x000000db13900000] [id=21076]
  0x000002c4be446fe0 ConcurrentGCThread "G1 Main Marker" [stack: 0x000000db13900000,0x000000db13a00000] [id=23544]
  0x000002c4be448190 ConcurrentGCThread "G1 Conc#0" [stack: 0x000000db13a00000,0x000000db13b00000] [id=10280]
  0x000002c4e12e44f0 ConcurrentGCThread "G1 Refine#0" [stack: 0x000000db13b00000,0x000000db13c00000] [id=9716]
  0x000002c4e12e4f20 ConcurrentGCThread "G1 Service" [stack: 0x000000db13c00000,0x000000db13d00000] [id=24456]

Threads with active compile tasks:
C2 CompilerThread0     1277  467 % !   4       com.sun.crypto.provider.PBKDF2KeyImpl::deriveKey @ 191 (295 bytes)
C2 CompilerThread1     1277  543       4       java.security.MessageDigest::update (14 bytes)
C2 CompilerThread2     1277  535       4       sun.security.provider.SHA2::implDigest (98 bytes)

VM state: not at safepoint (normal execution)

VM Mutex/Monitor currently owned by a thread: None

Heap address: 0x0000000700c00000, size: 4084 MB, Compressed Oops mode: Zero based, Oop shift amount: 3

CDS archive(s) mapped at: [0x000002c4e2000000-0x000002c4e2bd0000-0x000002c4e2bd0000), size 12386304, SharedBaseAddress: 0x000002c4e2000000, ArchiveRelocationMode: 1.
Compressed class space mapped at: 0x000002c4e3000000-0x000002c523000000, reserved size: 1073741824
Narrow klass base: 0x000002c4e2000000, Narrow klass shift: 0, Narrow klass range: 0x100000000

GC Precious Log:
 CPUs: 8 total, 8 available
 Memory: 16329M
 Large Page Support: Disabled
 NUMA Support: Disabled
 Compressed Oops: Enabled (Zero based)
 Heap Region Size: 2M
 Heap Min Capacity: 8M
 Heap Initial Capacity: 256M
 Heap Max Capacity: 4084M
 Pre-touch: Disabled
 Parallel Workers: 8
 Concurrent Workers: 2
 Concurrent Refinement Workers: 8
 Periodic GC: Disabled

Heap:
 garbage-first heap   total 262144K, used 6144K [0x0000000700c00000, 0x0000000800000000)
  region size 2048K, 4 young (8192K), 0 survivors (0K)
 Metaspace       used 3645K, committed 3776K, reserved 1114112K
  class space    used 369K, committed 448K, reserved 1048576K

Heap Regions: E=young(eden), S=young(survivor), O=old, HS=humongous(starts), HC=humongous(continues), CS=collection set, F=free, OA=open archive, CA=closed archive, TAMS=top-at-mark-start (previous, next)
|   0|0x0000000700c00000, 0x0000000700c00000, 0x0000000700e00000|  0%| F|  |TAMS 0x0000000700c00000, 0x0000000700c00000| Untracked 
|   1|0x0000000700e00000, 0x0000000700e00000, 0x0000000701000000|  0%| F|  |TAMS 0x0000000700e00000, 0x0000000700e00000| Untracked 
|   2|0x0000000701000000, 0x0000000701000000, 0x0000000701200000|  0%| F|  |TAMS 0x0000000701000000, 0x0000000701000000| Untracked 
|   3|0x0000000701200000, 0x0000000701200000, 0x0000000701400000|  0%| F|  |TAMS 0x0000000701200000, 0x0000000701200000| Untracked 
|   4|0x0000000701400000, 0x0000000701400000, 0x0000000701600000|  0%| F|  |TAMS 0x0000000701400000, 0x0000000701400000| Untracked 
|   5|0x0000000701600000, 0x0000000701600000, 0x0000000701800000|  0%| F|  |TAMS 0x0000000701600000, 0x0000000701600000| Untracked 
|   6|0x0000000701800000, 0x0000000701800000, 0x0000000701a00000|  0%| F|  |TAMS 0x0000000701800000, 0x0000000701800000| Untracked 
|   7|0x0000000701a00000, 0x0000000701a00000, 0x0000000701c00000|  0%| F|  |TAMS 0x0000000701a00000, 0x0000000701a00000| Untracked 
|   8|0x0000000701c00000, 0x0000000701c00000, 0x0000000701e00000|  0%| F|  |TAMS 0x0000000701c00000, 0x0000000701c00000| Untracked 
|   9|0x0000000701e00000, 0x0000000701e00000, 0x0000000702000000|  0%| F|  |TAMS 0x0000000701e00000, 0x0000000701e00000| Untracked 
|  10|0x0000000702000000, 0x0000000702000000, 0x0000000702200000|  0%| F|  |TAMS 0x0000000702000000, 0x0000000702000000| Untracked 
|  11|0x0000000702200000, 0x0000000702200000, 0x0000000702400000|  0%| F|  |TAMS 0x0000000702200000, 0x0000000702200000| Untracked 
|  12|0x0000000702400000, 0x0000000702400000, 0x0000000702600000|  0%| F|  |TAMS 0x0000000702400000, 0x0000000702400000| Untracked 
|  13|0x0000000702600000, 0x0000000702600000, 0x0000000702800000|  0%| F|  |TAMS 0x0000000702600000, 0x0000000702600000| Untracked 
|  14|0x0000000702800000, 0x0000000702800000, 0x0000000702a00000|  0%| F|  |TAMS 0x0000000702800000, 0x0000000702800000| Untracked 
|  15|0x0000000702a00000, 0x0000000702a00000, 0x0000000702c00000|  0%| F|  |TAMS 0x0000000702a00000, 0x0000000702a00000| Untracked 
|  16|0x0000000702c00000, 0x0000000702c00000, 0x0000000702e00000|  0%| F|  |TAMS 0x0000000702c00000, 0x0000000702c00000| Untracked 
|  17|0x0000000702e00000, 0x0000000702e00000, 0x0000000703000000|  0%| F|  |TAMS 0x0000000702e00000, 0x0000000702e00000| Untracked 
|  18|0x0000000703000000, 0x0000000703000000, 0x0000000703200000|  0%| F|  |TAMS 0x0000000703000000, 0x0000000703000000| Untracked 
|  19|0x0000000703200000, 0x0000000703200000, 0x0000000703400000|  0%| F|  |TAMS 0x0000000703200000, 0x0000000703200000| Untracked 
|  20|0x0000000703400000, 0x0000000703400000, 0x0000000703600000|  0%| F|  |TAMS 0x0000000703400000, 0x0000000703400000| Untracked 
|  21|0x0000000703600000, 0x0000000703600000, 0x0000000703800000|  0%| F|  |TAMS 0x0000000703600000, 0x0000000703600000| Untracked 
|  22|0x0000000703800000, 0x0000000703800000, 0x0000000703a00000|  0%| F|  |TAMS 0x0000000703800000, 0x0000000703800000| Untracked 
|  23|0x0000000703a00000, 0x0000000703a00000, 0x0000000703c00000|  0%| F|  |TAMS 0x0000000703a00000, 0x0000000703a00000| Untracked 
|  24|0x0000000703c00000, 0x0000000703c00000, 0x0000000703e00000|  0%| F|  |TAMS 0x0000000703c00000, 0x0000000703c00000| Untracked 
|  25|0x0000000703e00000, 0x0000000703e00000, 0x0000000704000000|  0%| F|  |TAMS 0x0000000703e00000, 0x0000000703e00000| Untracked 
|  26|0x0000000704000000, 0x0000000704000000, 0x0000000704200000|  0%| F|  |TAMS 0x0000000704000000, 0x0000000704000000| Untracked 
|  27|0x0000000704200000, 0x0000000704200000, 0x0000000704400000|  0%| F|  |TAMS 0x0000000704200000, 0x0000000704200000| Untracked 
|  28|0x0000000704400000, 0x0000000704400000, 0x0000000704600000|  0%| F|  |TAMS 0x0000000704400000, 0x0000000704400000| Untracked 
|  29|0x0000000704600000, 0x0000000704600000, 0x0000000704800000|  0%| F|  |TAMS 0x0000000704600000, 0x0000000704600000| Untracked 
|  30|0x0000000704800000, 0x0000000704800000, 0x0000000704a00000|  0%| F|  |TAMS 0x0000000704800000, 0x0000000704800000| Untracked 
|  31|0x0000000704a00000, 0x0000000704a00000, 0x0000000704c00000|  0%| F|  |TAMS 0x0000000704a00000, 0x0000000704a00000| Untracked 
|  32|0x0000000704c00000, 0x0000000704c00000, 0x0000000704e00000|  0%| F|  |TAMS 0x0000000704c00000, 0x0000000704c00000| Untracked 
|  33|0x0000000704e00000, 0x0000000704e00000, 0x0000000705000000|  0%| F|  |TAMS 0x0000000704e00000, 0x0000000704e00000| Untracked 
|  34|0x0000000705000000, 0x0000000705000000, 0x0000000705200000|  0%| F|  |TAMS 0x0000000705000000, 0x0000000705000000| Untracked 
|  35|0x0000000705200000, 0x0000000705200000, 0x0000000705400000|  0%| F|  |TAMS 0x0000000705200000, 0x0000000705200000| Untracked 
|  36|0x0000000705400000, 0x0000000705400000, 0x0000000705600000|  0%| F|  |TAMS 0x0000000705400000, 0x0000000705400000| Untracked 
|  37|0x0000000705600000, 0x0000000705600000, 0x0000000705800000|  0%| F|  |TAMS 0x0000000705600000, 0x0000000705600000| Untracked 
|  38|0x0000000705800000, 0x0000000705800000, 0x0000000705a00000|  0%| F|  |TAMS 0x0000000705800000, 0x0000000705800000| Untracked 
|  39|0x0000000705a00000, 0x0000000705a00000, 0x0000000705c00000|  0%| F|  |TAMS 0x0000000705a00000, 0x0000000705a00000| Untracked 
|  40|0x0000000705c00000, 0x0000000705c00000, 0x0000000705e00000|  0%| F|  |TAMS 0x0000000705c00000, 0x0000000705c00000| Untracked 
|  41|0x0000000705e00000, 0x0000000705e00000, 0x0000000706000000|  0%| F|  |TAMS 0x0000000705e00000, 0x0000000705e00000| Untracked 
|  42|0x0000000706000000, 0x0000000706000000, 0x0000000706200000|  0%| F|  |TAMS 0x0000000706000000, 0x0000000706000000| Untracked 
|  43|0x0000000706200000, 0x0000000706200000, 0x0000000706400000|  0%| F|  |TAMS 0x0000000706200000, 0x0000000706200000| Untracked 
|  44|0x0000000706400000, 0x0000000706400000, 0x0000000706600000|  0%| F|  |TAMS 0x0000000706400000, 0x0000000706400000| Untracked 
|  45|0x0000000706600000, 0x0000000706600000, 0x0000000706800000|  0%| F|  |TAMS 0x0000000706600000, 0x0000000706600000| Untracked 
|  46|0x0000000706800000, 0x0000000706800000, 0x0000000706a00000|  0%| F|  |TAMS 0x0000000706800000, 0x0000000706800000| Untracked 
|  47|0x0000000706a00000, 0x0000000706a00000, 0x0000000706c00000|  0%| F|  |TAMS 0x0000000706a00000, 0x0000000706a00000| Untracked 
|  48|0x0000000706c00000, 0x0000000706c00000, 0x0000000706e00000|  0%| F|  |TAMS 0x0000000706c00000, 0x0000000706c00000| Untracked 
|  49|0x0000000706e00000, 0x0000000706e00000, 0x0000000707000000|  0%| F|  |TAMS 0x0000000706e00000, 0x0000000706e00000| Untracked 
|  50|0x0000000707000000, 0x0000000707000000, 0x0000000707200000|  0%| F|  |TAMS 0x0000000707000000, 0x0000000707000000| Untracked 
|  51|0x0000000707200000, 0x0000000707200000, 0x0000000707400000|  0%| F|  |TAMS 0x0000000707200000, 0x0000000707200000| Untracked 
|  52|0x0000000707400000, 0x0000000707400000, 0x0000000707600000|  0%| F|  |TAMS 0x0000000707400000, 0x0000000707400000| Untracked 
|  53|0x0000000707600000, 0x0000000707600000, 0x0000000707800000|  0%| F|  |TAMS 0x0000000707600000, 0x0000000707600000| Untracked 
|  54|0x0000000707800000, 0x0000000707800000, 0x0000000707a00000|  0%| F|  |TAMS 0x0000000707800000, 0x0000000707800000| Untracked 
|  55|0x0000000707a00000, 0x0000000707a00000, 0x0000000707c00000|  0%| F|  |TAMS 0x0000000707a00000, 0x0000000707a00000| Untracked 
|  56|0x0000000707c00000, 0x0000000707c00000, 0x0000000707e00000|  0%| F|  |TAMS 0x0000000707c00000, 0x0000000707c00000| Untracked 
|  57|0x0000000707e00000, 0x0000000707e00000, 0x0000000708000000|  0%| F|  |TAMS 0x0000000707e00000, 0x0000000707e00000| Untracked 
|  58|0x0000000708000000, 0x0000000708000000, 0x0000000708200000|  0%| F|  |TAMS 0x0000000708000000, 0x0000000708000000| Untracked 
|  59|0x0000000708200000, 0x0000000708200000, 0x0000000708400000|  0%| F|  |TAMS 0x0000000708200000, 0x0000000708200000| Untracked 
|  60|0x0000000708400000, 0x0000000708400000, 0x0000000708600000|  0%| F|  |TAMS 0x0000000708400000, 0x0000000708400000| Untracked 
|  61|0x0000000708600000, 0x0000000708600000, 0x0000000708800000|  0%| F|  |TAMS 0x0000000708600000, 0x0000000708600000| Untracked 
|  62|0x0000000708800000, 0x0000000708800000, 0x0000000708a00000|  0%| F|  |TAMS 0x0000000708800000, 0x0000000708800000| Untracked 
|  63|0x0000000708a00000, 0x0000000708a00000, 0x0000000708c00000|  0%| F|  |TAMS 0x0000000708a00000, 0x0000000708a00000| Untracked 
|  64|0x0000000708c00000, 0x0000000708c00000, 0x0000000708e00000|  0%| F|  |TAMS 0x0000000708c00000, 0x0000000708c00000| Untracked 
|  65|0x0000000708e00000, 0x0000000708e00000, 0x0000000709000000|  0%| F|  |TAMS 0x0000000708e00000, 0x0000000708e00000| Untracked 
|  66|0x0000000709000000, 0x0000000709000000, 0x0000000709200000|  0%| F|  |TAMS 0x0000000709000000, 0x0000000709000000| Untracked 
|  67|0x0000000709200000, 0x0000000709200000, 0x0000000709400000|  0%| F|  |TAMS 0x0000000709200000, 0x0000000709200000| Untracked 
|  68|0x0000000709400000, 0x0000000709400000, 0x0000000709600000|  0%| F|  |TAMS 0x0000000709400000, 0x0000000709400000| Untracked 
|  69|0x0000000709600000, 0x0000000709600000, 0x0000000709800000|  0%| F|  |TAMS 0x0000000709600000, 0x0000000709600000| Untracked 
|  70|0x0000000709800000, 0x0000000709800000, 0x0000000709a00000|  0%| F|  |TAMS 0x0000000709800000, 0x0000000709800000| Untracked 
|  71|0x0000000709a00000, 0x0000000709a00000, 0x0000000709c00000|  0%| F|  |TAMS 0x0000000709a00000, 0x0000000709a00000| Untracked 
|  72|0x0000000709c00000, 0x0000000709c00000, 0x0000000709e00000|  0%| F|  |TAMS 0x0000000709c00000, 0x0000000709c00000| Untracked 
|  73|0x0000000709e00000, 0x0000000709e00000, 0x000000070a000000|  0%| F|  |TAMS 0x0000000709e00000, 0x0000000709e00000| Untracked 
|  74|0x000000070a000000, 0x000000070a000000, 0x000000070a200000|  0%| F|  |TAMS 0x000000070a000000, 0x000000070a000000| Untracked 
|  75|0x000000070a200000, 0x000000070a200000, 0x000000070a400000|  0%| F|  |TAMS 0x000000070a200000, 0x000000070a200000| Untracked 
|  76|0x000000070a400000, 0x000000070a400000, 0x000000070a600000|  0%| F|  |TAMS 0x000000070a400000, 0x000000070a400000| Untracked 
|  77|0x000000070a600000, 0x000000070a600000, 0x000000070a800000|  0%| F|  |TAMS 0x000000070a600000, 0x000000070a600000| Untracked 
|  78|0x000000070a800000, 0x000000070a800000, 0x000000070aa00000|  0%| F|  |TAMS 0x000000070a800000, 0x000000070a800000| Untracked 
|  79|0x000000070aa00000, 0x000000070aa00000, 0x000000070ac00000|  0%| F|  |TAMS 0x000000070aa00000, 0x000000070aa00000| Untracked 
|  80|0x000000070ac00000, 0x000000070ac00000, 0x000000070ae00000|  0%| F|  |TAMS 0x000000070ac00000, 0x000000070ac00000| Untracked 
|  81|0x000000070ae00000, 0x000000070ae00000, 0x000000070b000000|  0%| F|  |TAMS 0x000000070ae00000, 0x000000070ae00000| Untracked 
|  82|0x000000070b000000, 0x000000070b000000, 0x000000070b200000|  0%| F|  |TAMS 0x000000070b000000, 0x000000070b000000| Untracked 
|  83|0x000000070b200000, 0x000000070b200000, 0x000000070b400000|  0%| F|  |TAMS 0x000000070b200000, 0x000000070b200000| Untracked 
|  84|0x000000070b400000, 0x000000070b400000, 0x000000070b600000|  0%| F|  |TAMS 0x000000070b400000, 0x000000070b400000| Untracked 
|  85|0x000000070b600000, 0x000000070b600000, 0x000000070b800000|  0%| F|  |TAMS 0x000000070b600000, 0x000000070b600000| Untracked 
|  86|0x000000070b800000, 0x000000070b800000, 0x000000070ba00000|  0%| F|  |TAMS 0x000000070b800000, 0x000000070b800000| Untracked 
|  87|0x000000070ba00000, 0x000000070ba00000, 0x000000070bc00000|  0%| F|  |TAMS 0x000000070ba00000, 0x000000070ba00000| Untracked 
|  88|0x000000070bc00000, 0x000000070bc00000, 0x000000070be00000|  0%| F|  |TAMS 0x000000070bc00000, 0x000000070bc00000| Untracked 
|  89|0x000000070be00000, 0x000000070be00000, 0x000000070c000000|  0%| F|  |TAMS 0x000000070be00000, 0x000000070be00000| Untracked 
|  90|0x000000070c000000, 0x000000070c000000, 0x000000070c200000|  0%| F|  |TAMS 0x000000070c000000, 0x000000070c000000| Untracked 
|  91|0x000000070c200000, 0x000000070c200000, 0x000000070c400000|  0%| F|  |TAMS 0x000000070c200000, 0x000000070c200000| Untracked 
|  92|0x000000070c400000, 0x000000070c400000, 0x000000070c600000|  0%| F|  |TAMS 0x000000070c400000, 0x000000070c400000| Untracked 
|  93|0x000000070c600000, 0x000000070c600000, 0x000000070c800000|  0%| F|  |TAMS 0x000000070c600000, 0x000000070c600000| Untracked 
|  94|0x000000070c800000, 0x000000070c800000, 0x000000070ca00000|  0%| F|  |TAMS 0x000000070c800000, 0x000000070c800000| Untracked 
|  95|0x000000070ca00000, 0x000000070ca00000, 0x000000070cc00000|  0%| F|  |TAMS 0x000000070ca00000, 0x000000070ca00000| Untracked 
|  96|0x000000070cc00000, 0x000000070cc00000, 0x000000070ce00000|  0%| F|  |TAMS 0x000000070cc00000, 0x000000070cc00000| Untracked 
|  97|0x000000070ce00000, 0x000000070ce00000, 0x000000070d000000|  0%| F|  |TAMS 0x000000070ce00000, 0x000000070ce00000| Untracked 
|  98|0x000000070d000000, 0x000000070d000000, 0x000000070d200000|  0%| F|  |TAMS 0x000000070d000000, 0x000000070d000000| Untracked 
|  99|0x000000070d200000, 0x000000070d200000, 0x000000070d400000|  0%| F|  |TAMS 0x000000070d200000, 0x000000070d200000| Untracked 
| 100|0x000000070d400000, 0x000000070d400000, 0x000000070d600000|  0%| F|  |TAMS 0x000000070d400000, 0x000000070d400000| Untracked 
| 101|0x000000070d600000, 0x000000070d600000, 0x000000070d800000|  0%| F|  |TAMS 0x000000070d600000, 0x000000070d600000| Untracked 
| 102|0x000000070d800000, 0x000000070d800000, 0x000000070da00000|  0%| F|  |TAMS 0x000000070d800000, 0x000000070d800000| Untracked 
| 103|0x000000070da00000, 0x000000070da00000, 0x000000070dc00000|  0%| F|  |TAMS 0x000000070da00000, 0x000000070da00000| Untracked 
| 104|0x000000070dc00000, 0x000000070dc00000, 0x000000070de00000|  0%| F|  |TAMS 0x000000070dc00000, 0x000000070dc00000| Untracked 
| 105|0x000000070de00000, 0x000000070de00000, 0x000000070e000000|  0%| F|  |TAMS 0x000000070de00000, 0x000000070de00000| Untracked 
| 106|0x000000070e000000, 0x000000070e000000, 0x000000070e200000|  0%| F|  |TAMS 0x000000070e000000, 0x000000070e000000| Untracked 
| 107|0x000000070e200000, 0x000000070e200000, 0x000000070e400000|  0%| F|  |TAMS 0x000000070e200000, 0x000000070e200000| Untracked 
| 108|0x000000070e400000, 0x000000070e400000, 0x000000070e600000|  0%| F|  |TAMS 0x000000070e400000, 0x000000070e400000| Untracked 
| 109|0x000000070e600000, 0x000000070e600000, 0x000000070e800000|  0%| F|  |TAMS 0x000000070e600000, 0x000000070e600000| Untracked 
| 110|0x000000070e800000, 0x000000070e800000, 0x000000070ea00000|  0%| F|  |TAMS 0x000000070e800000, 0x000000070e800000| Untracked 
| 111|0x000000070ea00000, 0x000000070ea00000, 0x000000070ec00000|  0%| F|  |TAMS 0x000000070ea00000, 0x000000070ea00000| Untracked 
| 112|0x000000070ec00000, 0x000000070ec00000, 0x000000070ee00000|  0%| F|  |TAMS 0x000000070ec00000, 0x000000070ec00000| Untracked 
| 113|0x000000070ee00000, 0x000000070ee00000, 0x000000070f000000|  0%| F|  |TAMS 0x000000070ee00000, 0x000000070ee00000| Untracked 
| 114|0x000000070f000000, 0x000000070f000000, 0x000000070f200000|  0%| F|  |TAMS 0x000000070f000000, 0x000000070f000000| Untracked 
| 115|0x000000070f200000, 0x000000070f200000, 0x000000070f400000|  0%| F|  |TAMS 0x000000070f200000, 0x000000070f200000| Untracked 
| 116|0x000000070f400000, 0x000000070f400000, 0x000000070f600000|  0%| F|  |TAMS 0x000000070f400000, 0x000000070f400000| Untracked 
| 117|0x000000070f600000, 0x000000070f600000, 0x000000070f800000|  0%| F|  |TAMS 0x000000070f600000, 0x000000070f600000| Untracked 
| 118|0x000000070f800000, 0x000000070f800000, 0x000000070fa00000|  0%| F|  |TAMS 0x000000070f800000, 0x000000070f800000| Untracked 
| 119|0x000000070fa00000, 0x000000070fa00000, 0x000000070fc00000|  0%| F|  |TAMS 0x000000070fa00000, 0x000000070fa00000| Untracked 
| 120|0x000000070fc00000, 0x000000070fc00000, 0x000000070fe00000|  0%| F|  |TAMS 0x000000070fc00000, 0x000000070fc00000| Untracked 
| 121|0x000000070fe00000, 0x000000070fe00000, 0x0000000710000000|  0%| F|  |TAMS 0x000000070fe00000, 0x000000070fe00000| Untracked 
| 122|0x0000000710000000, 0x0000000710000000, 0x0000000710200000|  0%| F|  |TAMS 0x0000000710000000, 0x0000000710000000| Untracked 
| 123|0x0000000710200000, 0x0000000710200000, 0x0000000710400000|  0%| F|  |TAMS 0x0000000710200000, 0x0000000710200000| Untracked 
| 124|0x0000000710400000, 0x0000000710552720, 0x0000000710600000| 66%| E|  |TAMS 0x0000000710400000, 0x0000000710400000| Complete 
| 125|0x0000000710600000, 0x0000000710800000, 0x0000000710800000|100%| E|CS|TAMS 0x0000000710600000, 0x0000000710600000| Complete 
| 126|0x0000000710800000, 0x0000000710a00000, 0x0000000710a00000|100%| E|CS|TAMS 0x0000000710800000, 0x0000000710800000| Complete 
| 127|0x0000000710a00000, 0x0000000710c00000, 0x0000000710c00000|100%| E|CS|TAMS 0x0000000710a00000, 0x0000000710a00000| Complete 

Card table byte_map: [0x000002c4d5a00000,0x000002c4d6200000] _byte_map_base: 0x000002c4d21fa000

Marking Bits (Prev, Next): (CMBitMap*) 0x000002c4be436770, (CMBitMap*) 0x000002c4be4367b0
 Prev Bits: [0x000002c4d6a00000, 0x000002c4da9d0000)
 Next Bits: [0x000002c4da9d0000, 0x000002c4de9a0000)

Polling page: 0x000002c4bc360000

Metaspace:

Usage:
  Non-class:      3.20 MB used.
      Class:    369.51 KB used.
       Both:      3.56 MB used.

Virtual space:
  Non-class space:       64.00 MB reserved,       3.25 MB (  5%) committed,  1 nodes.
      Class space:        1.00 GB reserved,     448.00 KB ( <1%) committed,  1 nodes.
             Both:        1.06 GB reserved,       3.69 MB ( <1%) committed. 

Chunk freelists:
   Non-Class:  11.83 MB
       Class:  15.58 MB
        Both:  27.41 MB

MaxMetaspaceSize: unlimited
CompressedClassSpaceSize: 1.00 GB
Initial GC threshold: 21.00 MB
Current GC threshold: 21.00 MB
CDS: on
MetaspaceReclaimPolicy: balanced
 - commit_granule_bytes: 65536.
 - commit_granule_words: 8192.
 - virtual_space_node_default_size: 8388608.
 - enlarge_chunks_in_place: 1.
 - new_chunks_are_fully_committed: 0.
 - uncommit_free_chunks: 1.
 - use_allocation_guard: 0.
 - handle_deallocations: 1.


Internal statistics:

num_allocs_failed_limit: 0.
num_arena_births: 36.
num_arena_deaths: 0.
num_vsnodes_births: 2.
num_vsnodes_deaths: 0.
num_space_committed: 59.
num_space_uncommitted: 0.
num_chunks_returned_to_freelist: 0.
num_chunks_taken_from_freelist: 56.
num_chunk_merges: 0.
num_chunk_splits: 35.
num_chunks_enlarged: 19.
num_inconsistent_stats: 0.

CodeHeap 'non-profiled nmethods': size=120000Kb used=195Kb max_used=195Kb free=119804Kb
 bounds [0x000002c4cd9a0000, 0x000002c4cdc10000, 0x000002c4d4ed0000]
CodeHeap 'profiled nmethods': size=120000Kb used=936Kb max_used=936Kb free=119063Kb
 bounds [0x000002c4c5ed0000, 0x000002c4c6140000, 0x000002c4cd400000]
CodeHeap 'non-nmethods': size=5760Kb used=1148Kb max_used=1175Kb free=4611Kb
 bounds [0x000002c4cd400000, 0x000002c4cd670000, 0x000002c4cd9a0000]
 total_blobs=966 nmethods=529 adapters=350
 compilation: enabled
              stopped_count=0, restarted_count=0
 full_count=0

Compilation events (20 events):
Event: 1.004 Thread 0x000002c4e158d420 

Event: 1.004 Thread 0x000002c4e158d420  532       4       sun.security.provider.DigestBase::engineUpdate (189 bytes)
Event: 1.048 Thread 0x000002c4e158d420 nmethod 532 0x000002c4cd9cd510 code [0x000002c4cd9cd6e0, 0x000002c4cd9cdef8]
Event: 1.048 Thread 0x000002c4e158d420  533       4       javax.crypto.Mac::update (37 bytes)
Event: 1.164 Thread 0x000002c4e158eeb0  536       3       java.lang.String::replace (42 bytes)
Event: 1.165 Thread 0x000002c4e158eeb0 nmethod 536 0x000002c4c5fb7310 code [0x000002c4c5fb74e0, 0x000002c4c5fb7818]
Event: 1.166 Thread 0x000002c4e158d420 nmethod 533 0x000002c4cd9ce710 code [0x000002c4cd9ce940, 0x000002c4cd9cfd30]
Event: 1.168 Thread 0x000002c4e158d420  534       4       sun.security.provider.DigestBase::engineDigest (112 bytes)
Event: 1.168 Thread 0x000002c4e158eeb0  537       3       java.util.Arrays::copyOf (10 bytes)
Event: 1.168 Thread 0x000002c4e158eeb0 nmethod 537 0x000002c4c5fb7910 code [0x000002c4c5fb7ac0, 0x000002c4c5fb7c08]
Event: 1.168 Thread 0x000002c4e158eeb0  538       3       java.lang.StringUTF16::length (5 bytes)
Event: 1.169 Thread 0x000002c4e158eeb0 nmethod 538 0x000002c4c5fb7d10 code [0x000002c4c5fb7ea0, 0x000002c4c5fb7f98]
Event: 1.172 Thread 0x000002c4e158eeb0  539       3       java.lang.StringUTF16::checkIndex (9 bytes)
Event: 1.172 Thread 0x000002c4e158eeb0 nmethod 539 0x000002c4c5fb8090 code [0x000002c4c5fb8240, 0x000002c4c5fb83c8]
Event: 1.172 Thread 0x000002c4e158eeb0  540       3       java.lang.StringUTF16::charAt (11 bytes)
Event: 1.172 Thread 0x000002c4e158eeb0 nmethod 540 0x000002c4c5fb8510 code [0x000002c4c5fb86c0, 0x000002c4c5fb88c8]
Event: 1.199 Thread 0x000002c4e158eeb0  541       3       java.util.concurrent.ConcurrentHashMap$Traverser::advance (188 bytes)
Event: 1.200 Thread 0x000002c4e158eeb0 nmethod 541 0x000002c4c5fb8a10 code [0x000002c4c5fb8c60, 0x000002c4c5fb9888]
Event: 1.200 Thread 0x000002c4e158eeb0  542       3       java.util.concurrent.ConcurrentHashMap$BaseIterator::hasNext (13 bytes)
Event: 1.201 Thread 0x000002c4e158eeb0 nmethod 542 0x000002c4c5fb9b10 code [0x000002c4c5fb9ca0, 0x000002c4c5fb9e18]

GC Heap History (0 events):
No events

Dll operation events (6 events):
Event: 0.017 Loaded shared library C:\Program Files (x86)\Android\openjdk\jdk-17.0.8.101-hotspot\bin\java.dll
Event: 0.054 Loaded shared library C:\Program Files (x86)\Android\openjdk\jdk-17.0.8.101-hotspot\bin\jsvml.dll
Event: 0.152 Loaded shared library C:\Program Files (x86)\Android\openjdk\jdk-17.0.8.101-hotspot\bin\net.dll
Event: 0.157 Loaded shared library C:\Program Files (x86)\Android\openjdk\jdk-17.0.8.101-hotspot\bin\nio.dll
Event: 0.171 Loaded shared library C:\Program Files (x86)\Android\openjdk\jdk-17.0.8.101-hotspot\bin\zip.dll
Event: 0.481 Loaded shared library C:\Program Files (x86)\Android\openjdk\jdk-17.0.8.101-hotspot\bin\jimage.dll

Deoptimization events (20 events):
Event: 0.882 Thread 0x000002c4be3c5f80 Uncommon trap: trap_request=0xffffff45 fr.pc=0x000002c4cd9ba84c relative=0x00000000000000ac
Event: 0.882 Thread 0x000002c4be3c5f80 Uncommon trap: reason=unstable_if action=reinterpret pc=0x000002c4cd9ba84c method=java.lang.invoke.VarHandle.checkExactAccessMode(Ljava/lang/invoke/VarHandle$AccessDescriptor;)V @ 4 c2
Event: 0.883 Thread 0x000002c4be3c5f80 DEOPT PACKING pc=0x000002c4cd9ba84c sp=0x000000db137fec20
Event: 0.883 Thread 0x000002c4be3c5f80 DEOPT UNPACKING pc=0x000002c4cd4569a3 sp=0x000000db137febe0 mode 2
Event: 0.883 Thread 0x000002c4be3c5f80 Uncommon trap: trap_request=0xffffff45 fr.pc=0x000002c4cd9bf28c relative=0x000000000000008c
Event: 0.883 Thread 0x000002c4be3c5f80 Uncommon trap: reason=unstable_if action=reinterpret pc=0x000002c4cd9bf28c method=java.lang.invoke.VarForm.getMemberName(I)Ljava/lang/invoke/MemberName; @ 8 c2
Event: 0.883 Thread 0x000002c4be3c5f80 DEOPT PACKING pc=0x000002c4cd9bf28c sp=0x000000db137fec30
Event: 0.883 Thread 0x000002c4be3c5f80 DEOPT UNPACKING pc=0x000002c4cd4569a3 sp=0x000000db137febc8 mode 2
Event: 0.932 Thread 0x000002c4be3c5f80 Uncommon trap: trap_request=0xffffff45 fr.pc=0x000002c4cd9c4530 relative=0x0000000000000750
Event: 0.932 Thread 0x000002c4be3c5f80 Uncommon trap: reason=unstable_if action=reinterpret pc=0x000002c4cd9c4530 method=sun.security.provider.SHA2.implDigest([BI)V @ 21 c2
Event: 0.932 Thread 0x000002c4be3c5f80 DEOPT PACKING pc=0x000002c4cd9c4530 sp=0x000000db137fed60
Event: 0.932 Thread 0x000002c4be3c5f80 DEOPT UNPACKING pc=0x000002c4cd4569a3 sp=0x000000db137feca8 mode 2
Event: 0.932 Thread 0x000002c4be3c5f80 Uncommon trap: trap_request=0xffffff45 fr.pc=0x000002c4cd9c15bc relative=0x000000000000067c
Event: 0.932 Thread 0x000002c4be3c5f80 Uncommon trap: reason=unstable_if action=reinterpret pc=0x000002c4cd9c15bc method=sun.security.provider.DigestBase.engineUpdate([BII)V @ 119 c2
Event: 0.932 Thread 0x000002c4be3c5f80 DEOPT PACKING pc=0x000002c4cd9c15bc sp=0x000000db137fec30
Event: 0.932 Thread 0x000002c4be3c5f80 DEOPT UNPACKING pc=0x000002c4cd4569a3 sp=0x000000db137fec20 mode 2
Event: 0.934 Thread 0x000002c4be3c5f80 Uncommon trap: trap_request=0xffffff45 fr.pc=0x000002c4cd9c8394 relative=0x0000000000000834
Event: 0.934 Thread 0x000002c4be3c5f80 Uncommon trap: reason=unstable_if action=reinterpret pc=0x000002c4cd9c8394 method=sun.security.provider.SHA2.implDigest([BI)V @ 21 c2
Event: 0.934 Thread 0x000002c4be3c5f80 DEOPT PACKING pc=0x000002c4cd9c8394 sp=0x000000db137febc0
Event: 0.934 Thread 0x000002c4be3c5f80 DEOPT UNPACKING pc=0x000002c4cd4569a3 sp=0x000000db137feb98 mode 2

Classes unloaded (0 events):
No events

Classes redefined (0 events):
No events

Internal exceptions (8 events):
Event: 0.686 Thread 0x000002c4be3c5f80 Exception <a 'java/lang/NoSuchMethodError'{0x00000007106e5330}: 'java.lang.Object java.lang.invoke.DirectMethodHandle$Holder.newInvokeSpecial(java.lang.Object, java.lang.Object, java.lang.Object, java.lang.Object, java.lang.Object)'> (0x00000007106e5330) 
thrown [s\src\hotspot\share\interpreter\linkResolver.cpp, line 759]
Event: 0.692 Thread 0x000002c4be3c5f80 Exception <a 'sun/nio/fs/WindowsException'{0x00000007106eb0c8}> (0x00000007106eb0c8) 
thrown [s\src\hotspot\share\prims\jni.cpp, line 516]
Event: 0.738 Thread 0x000002c4be3c5f80 Exception <a 'java/lang/NoSuchMethodError'{0x0000000710710008}: 'void java.lang.invoke.DirectMethodHandle$Holder.invokeStatic(java.lang.Object, java.lang.Object)'> (0x0000000710710008) 
thrown [s\src\hotspot\share\interpreter\linkResolver.cpp, line 759]
Event: 0.746 Thread 0x000002c4be3c5f80 Exception <a 'java/lang/NoSuchMethodError'{0x000000071071ce30}: 'java.lang.Object java.lang.invoke.DirectMethodHandle$Holder.invokeStaticInit(java.lang.Object, int, int, int, int)'> (0x000000071071ce30) 
thrown [s\src\hotspot\share\interpreter\linkResolver.cpp, line 759]
Event: 0.864 Thread 0x000002c4be3c5f80 Exception <a 'java/lang/NoSuchMethodError'{0x0000000710799a38}: 'void java.lang.invoke.DirectMethodHandle$Holder.invokeStatic(java.lang.Object, java.lang.Object, java.lang.Object)'> (0x0000000710799a38) 
thrown [s\src\hotspot\share\interpreter\linkResolver.cpp, line 759]
Event: 0.949 Thread 0x000002c4be3c5f80 Exception <a 'java/lang/NoSuchMethodError'{0x000000071044c508}: 'java.lang.Object java.lang.invoke.DirectMethodHandle$Holder.newInvokeSpecial(java.lang.Object, java.lang.Object, java.lang.Object, java.lang.Object, java.lang.Object, java.lang.Object, java.lang.Object, int)'> (0x000000071044c508) 
thrown [s\src\hotspot\share\interpreter\linkResolver.cpp, line 759]
Event: 0.951 Thread 0x000002c4be3c5f80 Exception <a 'java/lang/NoSuchMethodError'{0x00000007104515b0}: 'java.lang.Object java.lang.invoke.DirectMethodHandle$Holder.invokeSpecial(java.lang.Object, java.lang.Object, java.lang.Object, java.lang.Object, java.lang.Object, java.lang.Object, java.lang.Object, java.lang.Object, int)'> (0x00000007104515b0) 
thrown [s\src\hotspot\share\interpreter\linkResolver.cpp, line 759]
Event: 0.954 Thread 0x000002c4be3c5f80 Exception <a 'java/lang/NoSuchMethodError'{0x0000000710455dd0}: 'java.lang.Object java.lang.invoke.Invokers$Holder.linkToTargetMethod(java.lang.Object, java.lang.Object, java.lang.Object, java.lang.Object, java.lang.Object, java.lang.Object, int, java.lang.Object)'> (0x0000000710455dd0) 
thrown [s\src\hotspot\share\interpreter\linkResolver.cpp, line 759]

VM Operations (10 events):
Event: 0.175 Executing VM operation: HandshakeAllThreads
Event: 0.175 Executing VM operation: HandshakeAllThreads done
Event: 0.307 Executing VM operation: HandshakeAllThreads
Event: 0.307 Executing VM operation: HandshakeAllThreads done
Event: 0.908 Executing VM operation: HandshakeAllThreads
Event: 0.908 Executing VM operation: HandshakeAllThreads done
Event: 1.197 Executing VM operation: HandshakeAllThreads
Event: 1.197 Executing VM operation: HandshakeAllThreads done
Event: 1.197 Executing VM operation: Cleanup
Event: 1.198 Executing VM operation: Cleanup done

Events (20 events):
Event: 0.909 loading class com/sun/crypto/provider/PKCS12PBECipherCore
Event: 0.909 loading class com/sun/crypto/provider/PKCS12PBECipherCore done
Event: 0.932 loading class sun/security/tools/KeyStoreUtil
Event: 0.933 loading class sun/security/tools/KeyStoreUtil done
Event: 0.943 loading class sun/security/pkcs/EncryptedPrivateKeyInfo
Event: 0.943 loading class sun/security/pkcs/EncryptedPrivateKeyInfo done
Event: 1.177 loading class java/io/File$TempDirectory
Event: 1.177 loading class java/io/File$TempDirectory done
Event: 1.177 loading class java/security/DrbgParameters$NextBytes
Event: 1.178 loading class java/security/DrbgParameters$NextBytes done
Event: 1.178 loading class sun/security/provider/AbstractDrbg$SeederHolder
Event: 1.178 loading class sun/security/provider/AbstractDrbg$SeederHolder done
Event: 1.178 loading class sun/security/provider/SeedGenerator
Event: 1.178 loading class sun/security/provider/SeedGenerator done
Event: 1.178 loading class sun/security/provider/NativeSeedGenerator
Event: 1.179 loading class sun/security/provider/NativeSeedGenerator done
Event: 1.197 loading class sun/security/provider/SHA
Event: 1.197 loading class sun/security/provider/SHA done
Event: 1.198 loading class sun/security/provider/SeedGenerator$1
Event: 1.198 loading class sun/security/provider/SeedGenerator$1 done


Dynamic libraries:
0x00007ff6a8ca0000 - 0x00007ff6a8cae000 	C:\Program Files (x86)\Android\openjdk\jdk-17.0.8.101-hotspot\bin\java.exe
0x00007ff80efd0000 - 0x00007ff80f1c8000 	C:\WINDOWS\SYSTEM32\ntdll.dll
0x00007ff80d1d0000 - 0x00007ff80d28d000 	C:\WINDOWS\System32\KERNEL32.DLL
0x00007ff80c9c0000 - 0x00007ff80ccb6000 	C:\WINDOWS\System32\KERNELBASE.dll
0x00007ff80ce10000 - 0x00007ff80cf10000 	C:\WINDOWS\System32\ucrtbase.dll
0x00007ff807c60000 - 0x00007ff807c77000 	C:\Program Files (x86)\Android\openjdk\jdk-17.0.8.101-hotspot\bin\jli.dll
0x00007ff80ebb0000 - 0x00007ff80ed4e000 	C:\WINDOWS\System32\USER32.dll
0x00007ff80cde0000 - 0x00007ff80ce02000 	C:\WINDOWS\System32\win32u.dll
0x00007ff80d3d0000 - 0x00007ff80d3fc000 	C:\WINDOWS\System32\GDI32.dll
0x00007ff80c8a0000 - 0x00007ff80c9ba000 	C:\WINDOWS\System32\gdi32full.dll
0x00007ff80cf10000 - 0x00007ff80cfad000 	C:\WINDOWS\System32\msvcp_win.dll
0x00007ff807bf0000 - 0x00007ff807c0b000 	C:\Program Files (x86)\Android\openjdk\jdk-17.0.8.101-hotspot\bin\VCRUNTIME140.dll
0x00007ffffaed0000 - 0x00007ffffb16a000 	C:\WINDOWS\WinSxS\amd64_microsoft.windows.common-controls_6595b64144ccf1df_6.0.19041.3636_none_60b6a03d71f818d5\COMCTL32.dll
0x00007ff80d4a0000 - 0x00007ff80d53e000 	C:\WINDOWS\System32\msvcrt.dll
0x00007ff80eb80000 - 0x00007ff80ebb0000 	C:\WINDOWS\System32\IMM32.DLL
0x00007ff809120000 - 0x00007ff80912c000 	C:\Program Files (x86)\Android\openjdk\jdk-17.0.8.101-hotspot\bin\vcruntime140_1.dll
0x00007fffd7e30000 - 0x00007fffd7ebd000 	C:\Program Files (x86)\Android\openjdk\jdk-17.0.8.101-hotspot\bin\msvcp140.dll
0x00007fff7b9c0000 - 0x00007fff7c625000 	C:\Program Files (x86)\Android\openjdk\jdk-17.0.8.101-hotspot\bin\server\jvm.dll
0x00007ff80e290000 - 0x00007ff80e33f000 	C:\WINDOWS\System32\ADVAPI32.dll
0x00007ff80d400000 - 0x00007ff80d49c000 	C:\WINDOWS\System32\sechost.dll
0x00007ff80d040000 - 0x00007ff80d166000 	C:\WINDOWS\System32\RPCRT4.dll
0x00007ff80be10000 - 0x00007ff80be5b000 	C:\WINDOWS\SYSTEM32\POWRPROF.dll
0x00007ffffcc70000 - 0x00007ffffcc79000 	C:\WINDOWS\SYSTEM32\WSOCK32.dll
0x00007ff80e640000 - 0x00007ff80e6ab000 	C:\WINDOWS\System32\WS2_32.dll
0x00007ff8000a0000 - 0x00007ff8000c7000 	C:\WINDOWS\SYSTEM32\WINMM.dll
0x00007ff804530000 - 0x00007ff80453a000 	C:\WINDOWS\SYSTEM32\VERSION.dll
0x00007ff80bdf0000 - 0x00007ff80be02000 	C:\WINDOWS\SYSTEM32\UMPDC.dll
0x00007ff80a550000 - 0x00007ff80a562000 	C:\WINDOWS\SYSTEM32\kernel.appcore.dll
0x00007ff807c50000 - 0x00007ff807c5a000 	C:\Program Files (x86)\Android\openjdk\jdk-17.0.8.101-hotspot\bin\jimage.dll
0x00007ff803d70000 - 0x00007ff803f54000 	C:\WINDOWS\SYSTEM32\DBGHELP.DLL
0x00007ff803a80000 - 0x00007ff803ab4000 	C:\WINDOWS\SYSTEM32\dbgcore.DLL
0x00007ff80c6b0000 - 0x00007ff80c732000 	C:\WINDOWS\System32\bcryptPrimitives.dll
0x00007ffffa900000 - 0x00007ffffa925000 	C:\Program Files (x86)\Android\openjdk\jdk-17.0.8.101-hotspot\bin\java.dll
0x00007fffa5770000 - 0x00007fffa5847000 	C:\Program Files (x86)\Android\openjdk\jdk-17.0.8.101-hotspot\bin\jsvml.dll
0x00007ff80da10000 - 0x00007ff80e154000 	C:\WINDOWS\System32\SHELL32.dll
0x00007ff80a750000 - 0x00007ff80aeeb000 	C:\WINDOWS\SYSTEM32\windows.storage.dll
0x00007ff80e770000 - 0x00007ff80eac4000 	C:\WINDOWS\System32\combase.dll
0x00007ff80c010000 - 0x00007ff80c03d000 	C:\WINDOWS\SYSTEM32\Wldp.dll
0x00007ff80ead0000 - 0x00007ff80eb7d000 	C:\WINDOWS\System32\SHCORE.dll
0x00007ff80d170000 - 0x00007ff80d1c5000 	C:\WINDOWS\System32\shlwapi.dll
0x00007ff80c5e0000 - 0x00007ff80c605000 	C:\WINDOWS\SYSTEM32\profapi.dll
0x00007ffffcc80000 - 0x00007ffffcc99000 	C:\Program Files (x86)\Android\openjdk\jdk-17.0.8.101-hotspot\bin\net.dll
0x00007ff806890000 - 0x00007ff80699a000 	C:\WINDOWS\SYSTEM32\WINHTTP.dll
0x00007ff80bd80000 - 0x00007ff80bdea000 	C:\WINDOWS\system32\mswsock.dll
0x00007fffe43c0000 - 0x00007fffe43d6000 	C:\Program Files (x86)\Android\openjdk\jdk-17.0.8.101-hotspot\bin\nio.dll
0x00007fffe3f50000 - 0x00007fffe3f68000 	C:\Program Files (x86)\Android\openjdk\jdk-17.0.8.101-hotspot\bin\zip.dll
0x00007ff80c1b0000 - 0x00007ff80c1c8000 	C:\WINDOWS\SYSTEM32\CRYPTSP.dll
0x00007ff80b670000 - 0x00007ff80b6a4000 	C:\WINDOWS\system32\rsaenh.dll
0x00007ff80d000000 - 0x00007ff80d027000 	C:\WINDOWS\System32\bcrypt.dll
0x00007ff80c560000 - 0x00007ff80c58e000 	C:\WINDOWS\SYSTEM32\USERENV.dll
0x00007ff80bf80000 - 0x00007ff80bf8c000 	C:\WINDOWS\SYSTEM32\CRYPTBASE.dll
0x00007ff80ba90000 - 0x00007ff80bacb000 	C:\WINDOWS\SYSTEM32\IPHLPAPI.DLL
0x00007ff80d030000 - 0x00007ff80d038000 	C:\WINDOWS\System32\NSI.dll
0x00007ff807690000 - 0x00007ff8076a7000 	C:\WINDOWS\SYSTEM32\dhcpcsvc6.DLL
0x00007ff807670000 - 0x00007ff80768d000 	C:\WINDOWS\SYSTEM32\dhcpcsvc.DLL
0x00007ff80bae0000 - 0x00007ff80bbaa000 	C:\WINDOWS\SYSTEM32\DNSAPI.dll

dbghelp: loaded successfully - version: 4.0.5 - missing functions: none
symbol engine: initialized successfully - sym options: 0x614 - pdb path: .;C:\Program Files (x86)\Android\openjdk\jdk-17.0.8.101-hotspot\bin;C:\WINDOWS\SYSTEM32;C:\WINDOWS\WinSxS\amd64_microsoft.windows.common-controls_6595b64144ccf1df_6.0.19041.3636_none_60b6a03d71f818d5;C:\Program Files (x86)\Android\openjdk\jdk-17.0.8.101-hotspot\bin\server

VM Arguments:
java_command: C:\Program Files\Microsoft Visual Studio\2022\Community\MSBuild\Xamarin\Android\apksigner.jar sign --ks C:\Users\User\AppData\Local\Xamarin\Mono for Android\debug.keystore --ks-pass pass:android --ks-key-alias androiddebugkey --key-pass pass:android --min-sdk-version 27 --max-sdk-version 33 bin\Release\com.is124hay.mobile-Signed.apk
java_class_path (initial): C:\Program Files\Microsoft Visual Studio\2022\Community\MSBuild\Xamarin\Android\apksigner.jar
Launcher Type: SUN_STANDARD

[Global flags]
     intx CICompilerCount                          = 4                                         {product} {ergonomic}
     uint ConcGCThreads                            = 2                                         {product} {ergonomic}
     uint G1ConcRefinementThreads                  = 8                                         {product} {ergonomic}
   size_t G1HeapRegionSize                         = 2097152                                   {product} {ergonomic}
    uintx GCDrainStackTargetSize                   = 64                                        {product} {ergonomic}
   size_t InitialHeapSize                          = 268435456                                 {product} {ergonomic}
   size_t MarkStackSize                            = 4194304                                   {product} {ergonomic}
   size_t MaxHeapSize                              = 4282384384                                {product} {ergonomic}
   size_t MaxNewSize                               = 2569011200                                {product} {ergonomic}
   size_t MinHeapDeltaBytes                        = 2097152                                   {product} {ergonomic}
   size_t MinHeapSize                              = 8388608                                   {product} {ergonomic}
    uintx NonNMethodCodeHeapSize                   = 5839372                                {pd product} {ergonomic}
    uintx NonProfiledCodeHeapSize                  = 122909434                              {pd product} {ergonomic}
    uintx ProfiledCodeHeapSize                     = 122909434                              {pd product} {ergonomic}
    uintx ReservedCodeCacheSize                    = 251658240                              {pd product} {ergonomic}
     bool SegmentedCodeCache                       = true                                      {product} {ergonomic}
   size_t SoftMaxHeapSize                          = 4282384384                             {manageable} {ergonomic}
     bool UseCompressedClassPointers               = true                           {product lp64_product} {ergonomic}
     bool UseCompressedOops                        = true                           {product lp64_product} {ergonomic}
     bool UseG1GC                                  = true                                      {product} {ergonomic}
     bool UseLargePagesIndividualAllocation        = false                                  {pd product} {ergonomic}

Logging:
Log output configuration:
 #0: stdout all=warning uptime,level,tags
 #1: stderr all=off uptime,level,tags

Environment Variables:
PATH=C:\Program Files (x86)\Android\openjdk\jdk-17.0.8.101-hotspot\bin;C:\WINDOWS\system32;C:\WINDOWS;C:\WINDOWS\System32\Wbem;C:\WINDOWS\System32\WindowsPowerShell\v1.0\;C:\Program Files\NVIDIA Corporation\NVIDIA NvDLISR;C:\Program Files (x86)\NVIDIA Corporation\PhysX\Common;C:\Program Files\dotnet\;C:\Program Files (x86)\Microsoft SQL Server\160\Tools\Binn\;C:\Program Files\Microsoft SQL Server\160\Tools\Binn\;C:\Program Files\Microsoft SQL Server\Client SDK\ODBC\170\Tools\Binn\;C:\Program Files\Microsoft SQL Server\160\DTS\Binn\;C:\Program Files (x86)\Microsoft SQL Server\160\DTS\Binn\;C:\Program Files\Azure Data Studio\bin;C:\Program Files\Microsoft SQL Server\150\Tools\Binn\;C:\Users\User\AppData\Local\Microsoft\WindowsApps;C:\Users\User\.dotnet\tools;
USERNAME=User
OS=Windows_NT
PROCESSOR_IDENTIFIER=Intel64 Family 6 Model 58 Stepping 9, GenuineIntel
TMP=C:\Users\User\AppData\Local\Temp
TEMP=C:\Users\User\AppData\Local\Temp



---------------  S Y S T E M  ---------------

OS:
 Windows 10 , 64 bit Build 19041 (10.0.19041.3636)
OS uptime: 0 days 2:15 hours
Hyper-V role detected

CPU: total 8 (initial active 8) (4 cores per cpu, 2 threads per core) family 6 model 58 stepping 9 microcode 0x21, cx8, cmov, fxsr, ht, mmx, sse, sse2, sse3, ssse3, sse4.1, sse4.2, popcnt, tsc, tscinvbit, avx, aes, erms, clmul, vzeroupper, clflush, hv
Processor Information for all 8 processors :
  Max Mhz: 3901, Current Mhz: 3901, Mhz Limit: 3901

Memory: 4k page, system-wide physical 16329M (1858M free)
TotalPageFile size 16329M (AvailPageFile size 6M)
current process WorkingSet (physical memory assigned to process): 65M, peak: 67M
current process commit charge ("private bytes"): 367M, peak: 369M

vm_info: OpenJDK 64-Bit Server VM (17.0.8.1+1-LTS) for windows-amd64 JRE (17.0.8.1+1-LTS), built on Aug 23 2023 17:38:52 by "MicrosoftCorporation" with MS VC++ 16.10 / 16.11 (VS2019)

END.
